<?xml version="1.0" encoding="UTF-8"?>
<!-- Generated by org.testng.reporters.JUnitReportReporter -->
<testsuite name="org.Try.TestNgOrder" tests="3" time="0.047" ignored="0" failures="0" timestamp="22 Nov 2021 03:28:15 GMT" skipped="0" hostname="DESKTOP-RIGKATV" errors="0">
  <testcase name="tc1" time="0.016" classname="org.Try.TestNgOrder"/>
  <testcase name="Tc2" time="0.016" classname="org.Try.TestNgOrder"/>
  <testcase name="Tc3" time="0.015" classname="org.Try.TestNgOrder"/>
</testsuite> <!-- org.Try.TestNgOrder -->
